This file contains any messages produced by compilers while
running configure, to aid debugging if configure makes a mistake.

It was created by jp2a configure 1.0.7, which was
generated by GNU Autoconf 2.69.  Invocation command line was

  $ ./configure --prefix=/Users/Craig

## --------- ##
## Platform. ##
## --------- ##

hostname = Craigs-MacBook-Pro.local
uname -m = x86_64
uname -r = 13.0.0
uname -s = Darwin
uname -v = Darwin Kernel Version 13.0.0: Thu Sep 19 22:22:27 PDT 2013; root:xnu-2422.1.72~6/RELEASE_X86_64

/usr/bin/uname -p = i386
/bin/uname -X     = unknown

/bin/arch              = unknown
/usr/bin/arch -k       = unknown
/usr/convex/getsysinfo = unknown
/usr/bin/hostinfo      = Mach kernel version:
	 Darwin Kernel Version 13.0.0: Thu Sep 19 22:22:27 PDT 2013; root:xnu-2422.1.72~6/RELEASE_X86_64
Kernel configured for up to 2 processors.
2 processors are physically available.
2 processors are logically available.
Processor type: i486 (Intel 80486)
Processors active: 0 1
Primary memory available: 8.00 gigabytes
Default processor set: 222 tasks, 1030 threads, 2 processors
Load average: 2.77, Mach factor: 0.44
/bin/machine           = unknown
/usr/bin/oslevel       = unknown
/bin/universe          = unknown

PATH: /Library/Frameworks/Python.framework/Versions/2.7/bin
PATH: /Library/Frameworks/Python.framework/Versions/2.7/bin
PATH: /Library/Frameworks/Python.framework/Versions/2.7/bin
PATH: /Library/Frameworks/Python.framework/Versions/2.7/bin
PATH: /Users/Craig/.rvm/gems/ruby-1.9.3-p448/bin
PATH: /Users/Craig/.rvm/gems/ruby-1.9.3-p448@global/bin
PATH: /Users/Craig/.rvm/rubies/ruby-1.9.3-p448/bin
PATH: /Users/Craig/.rvm/bin
PATH: /Library/Frameworks/Python.framework/Versions/2.7/bin
PATH: /Library/Frameworks/Python.framework/Versions/2.7/bin
PATH: /usr/bin
PATH: /bin
PATH: /usr/sbin
PATH: /sbin
PATH: /usr/local/bin
PATH: /opt/X11/bin
PATH: /usr/local/git/bin
PATH: /usr/texbin


## ----------- ##
## Core tests. ##
## ----------- ##

configure:2266: checking for a BSD-compatible install
configure:2334: result: /usr/bin/install -c
configure:2345: checking whether build environment is sane
configure:2400: result: yes
configure:2551: checking for a thread-safe mkdir -p
configure:2590: result: /usr/local/bin/gmkdir -p
configure:2597: checking for gawk
configure:2627: result: no
configure:2597: checking for mawk
configure:2627: result: no
configure:2597: checking for nawk
configure:2627: result: no
configure:2597: checking for awk
configure:2613: found /usr/bin/awk
configure:2624: result: awk
configure:2635: checking whether make sets $(MAKE)
configure:2657: result: yes
configure:2686: checking whether make supports nested variables
configure:2703: result: yes
configure:2843: checking for gcc
configure:2859: found /usr/bin/gcc
configure:2870: result: gcc
configure:3099: checking for C compiler version
configure:3108: gcc --version >&5
Apple LLVM version 5.0 (clang-500.2.79) (based on LLVM 3.3svn)
Target: x86_64-apple-darwin13.0.0
Thread model: posix
Configured with: --prefix=/Library/Developer/CommandLineTools/usr --with-gxx-include-dir=/usr/include/c++/4.2.1
configure:3119: $? = 0
configure:3108: gcc -v >&5
Configured with: --prefix=/Library/Developer/CommandLineTools/usr --with-gxx-include-dir=/usr/include/c++/4.2.1
Apple LLVM version 5.0 (clang-500.2.79) (based on LLVM 3.3svn)
Target: x86_64-apple-darwin13.0.0
Thread model: posix
configure:3119: $? = 0
configure:3108: gcc -V >&5
clang: error: argument to '-V' is missing (expected 1 value)
clang: error: no input files
configure:3119: $? = 1
configure:3108: gcc -qversion >&5
clang: error: no input files
configure:3119: $? = 1
configure:3139: checking whether the C compiler works
configure:3161: gcc    conftest.c  >&5
configure:3165: $? = 0
configure:3213: result: yes
configure:3216: checking for C compiler default output file name
configure:3218: result: a.out
configure:3224: checking for suffix of executables
configure:3231: gcc -o conftest    conftest.c  >&5
configure:3235: $? = 0
configure:3257: result: 
configure:3279: checking whether we are cross compiling
configure:3287: gcc -o conftest    conftest.c  >&5
configure:3291: $? = 0
configure:3298: ./conftest
configure:3302: $? = 0
configure:3317: result: no
configure:3322: checking for suffix of object files
configure:3344: gcc -c   conftest.c >&5
configure:3348: $? = 0
configure:3369: result: o
configure:3373: checking whether we are using the GNU C compiler
configure:3392: gcc -c   conftest.c >&5
configure:3392: $? = 0
configure:3401: result: yes
configure:3410: checking whether gcc accepts -g
configure:3430: gcc -c -g  conftest.c >&5
configure:3430: $? = 0
configure:3471: result: yes
configure:3488: checking for gcc option to accept ISO C89
configure:3551: gcc  -c -g -O2  conftest.c >&5
configure:3551: $? = 0
configure:3564: result: none needed
configure:3595: checking for style of include used by make
configure:3623: result: GNU
configure:3649: checking dependency style of gcc
configure:3760: result: gcc3
configure:3808: checking for jpeg_start_decompress in -ljpeg
configure:3833: gcc -o conftest -g -O2   conftest.c -ljpeg   >&5
configure:3833: $? = 0
configure:3842: result: yes
configure:3872: checking enable-curl
configure:3874: result: yes
configure:3882: checking for curl-config
configure:3900: found /usr/bin/curl-config
configure:3912: result: /usr/bin/curl-config
configure:3930: checking curl-config --cflags
configure:3932: result: 
configure:3935: checking curl-config --libs
configure:3937: result: -lcurl
configure:3945: checking for curl_easy_init in -lcurl
configure:3970: gcc -o conftest -g -O2    conftest.c -lcurl   -ljpeg >&5
configure:3970: $? = 0
configure:3979: result: yes
configure:4001: checking how to run the C preprocessor
configure:4032: gcc -E   conftest.c
configure:4032: $? = 0
configure:4046: gcc -E   conftest.c
conftest.c:12:10: fatal error: 'ac_nonexistent.h' file not found
#include <ac_nonexistent.h>
         ^
1 error generated.
configure:4046: $? = 1
configure: failed program was:
| /* confdefs.h */
| #define PACKAGE_NAME "jp2a"
| #define PACKAGE_TARNAME "jp2a"
| #define PACKAGE_VERSION "1.0.7"
| #define PACKAGE_STRING "jp2a 1.0.7"
| #define PACKAGE_BUGREPORT "csl@sublevel3.org"
| #define PACKAGE_URL ""
| #define PACKAGE "jp2a"
| #define VERSION "1.0.7"
| #define FEAT_CURL 1
| /* end confdefs.h.  */
| #include <ac_nonexistent.h>
configure:4071: result: gcc -E
configure:4091: gcc -E   conftest.c
configure:4091: $? = 0
configure:4105: gcc -E   conftest.c
conftest.c:12:10: fatal error: 'ac_nonexistent.h' file not found
#include <ac_nonexistent.h>
         ^
1 error generated.
configure:4105: $? = 1
configure: failed program was:
| /* confdefs.h */
| #define PACKAGE_NAME "jp2a"
| #define PACKAGE_TARNAME "jp2a"
| #define PACKAGE_VERSION "1.0.7"
| #define PACKAGE_STRING "jp2a 1.0.7"
| #define PACKAGE_BUGREPORT "csl@sublevel3.org"
| #define PACKAGE_URL ""
| #define PACKAGE "jp2a"
| #define VERSION "1.0.7"
| #define FEAT_CURL 1
| /* end confdefs.h.  */
| #include <ac_nonexistent.h>
configure:4134: checking for grep that handles long lines and -e
configure:4192: result: /usr/bin/grep
configure:4197: checking for egrep
configure:4259: result: /usr/bin/grep -E
configure:4264: checking for ANSI C header files
configure:4284: gcc -c -g -O2   conftest.c >&5
configure:4284: $? = 0
configure:4357: gcc -o conftest -g -O2    conftest.c  -ljpeg -lcurl >&5
configure:4357: $? = 0
configure:4357: ./conftest
configure:4357: $? = 0
configure:4368: result: yes
configure:4382: checking for sys/types.h
configure:4382: gcc -c -g -O2   conftest.c >&5
configure:4382: $? = 0
configure:4382: result: yes
configure:4382: checking for sys/stat.h
configure:4382: gcc -c -g -O2   conftest.c >&5
configure:4382: $? = 0
configure:4382: result: yes
configure:4382: checking for stdlib.h
configure:4382: gcc -c -g -O2   conftest.c >&5
configure:4382: $? = 0
configure:4382: result: yes
configure:4382: checking for string.h
configure:4382: gcc -c -g -O2   conftest.c >&5
configure:4382: $? = 0
configure:4382: result: yes
configure:4382: checking for memory.h
configure:4382: gcc -c -g -O2   conftest.c >&5
configure:4382: $? = 0
configure:4382: result: yes
configure:4382: checking for strings.h
configure:4382: gcc -c -g -O2   conftest.c >&5
configure:4382: $? = 0
configure:4382: result: yes
configure:4382: checking for inttypes.h
configure:4382: gcc -c -g -O2   conftest.c >&5
configure:4382: $? = 0
configure:4382: result: yes
configure:4382: checking for stdint.h
configure:4382: gcc -c -g -O2   conftest.c >&5
configure:4382: $? = 0
configure:4382: result: yes
configure:4382: checking for unistd.h
configure:4382: gcc -c -g -O2   conftest.c >&5
configure:4382: $? = 0
configure:4382: result: yes
configure:4394: checking jpeglib.h usability
configure:4394: gcc -c -g -O2   conftest.c >&5
configure:4394: $? = 0
configure:4394: result: yes
configure:4394: checking jpeglib.h presence
configure:4394: gcc -E   conftest.c
configure:4394: $? = 0
configure:4394: result: yes
configure:4394: checking for jpeglib.h
configure:4394: result: yes
configure:4406: checking curl/curl.h usability
configure:4406: gcc -c -g -O2   conftest.c >&5
configure:4406: $? = 0
configure:4406: result: yes
configure:4406: checking curl/curl.h presence
configure:4406: gcc -E   conftest.c
configure:4406: $? = 0
configure:4406: result: yes
configure:4406: checking for curl/curl.h
configure:4406: result: yes
configure:4422: checking fcntl.h usability
configure:4422: gcc -c -g -O2   conftest.c >&5
configure:4422: $? = 0
configure:4422: result: yes
configure:4422: checking fcntl.h presence
configure:4422: gcc -E   conftest.c
configure:4422: $? = 0
configure:4422: result: yes
configure:4422: checking for fcntl.h
configure:4422: result: yes
configure:4422: checking curses.h usability
configure:4422: gcc -c -g -O2   conftest.c >&5
configure:4422: $? = 0
configure:4422: result: yes
configure:4422: checking curses.h presence
configure:4422: gcc -E   conftest.c
configure:4422: $? = 0
configure:4422: result: yes
configure:4422: checking for curses.h
configure:4422: result: yes
configure:4422: checking term.h usability
configure:4422: gcc -c -g -O2   conftest.c >&5
configure:4422: $? = 0
configure:4422: result: yes
configure:4422: checking term.h presence
configure:4422: gcc -E   conftest.c
configure:4422: $? = 0
configure:4422: result: yes
configure:4422: checking for term.h
configure:4422: result: yes
configure:4422: checking ncurses/term.h usability
configure:4422: gcc -c -g -O2   conftest.c >&5
conftest.c:60:10: fatal error: 'ncurses/term.h' file not found
#include <ncurses/term.h>
         ^
1 error generated.
configure:4422: $? = 1
configure: failed program was:
| /* confdefs.h */
| #define PACKAGE_NAME "jp2a"
| #define PACKAGE_TARNAME "jp2a"
| #define PACKAGE_VERSION "1.0.7"
| #define PACKAGE_STRING "jp2a 1.0.7"
| #define PACKAGE_BUGREPORT "csl@sublevel3.org"
| #define PACKAGE_URL ""
| #define PACKAGE "jp2a"
| #define VERSION "1.0.7"
| #define FEAT_CURL 1
| #define STDC_HEADERS 1
| #define HAVE_SYS_TYPES_H 1
| #define HAVE_SYS_STAT_H 1
| #define HAVE_STDLIB_H 1
| #define HAVE_STRING_H 1
| #define HAVE_MEMORY_H 1
| #define HAVE_STRINGS_H 1
| #define HAVE_INTTYPES_H 1
| #define HAVE_STDINT_H 1
| #define HAVE_UNISTD_H 1
| #define HAVE_JPEGLIB_H 1
| #define HAVE_CURL_CURL_H 1
| #define HAVE_FCNTL_H 1
| #define HAVE_CURSES_H 1
| #define HAVE_TERM_H 1
| /* end confdefs.h.  */
| #include <stdio.h>
| #ifdef HAVE_SYS_TYPES_H
| # include <sys/types.h>
| #endif
| #ifdef HAVE_SYS_STAT_H
| # include <sys/stat.h>
| #endif
| #ifdef STDC_HEADERS
| # include <stdlib.h>
| # include <stddef.h>
| #else
| # ifdef HAVE_STDLIB_H
| #  include <stdlib.h>
| # endif
| #endif
| #ifdef HAVE_STRING_H
| # if !defined STDC_HEADERS && defined HAVE_MEMORY_H
| #  include <memory.h>
| # endif
| # include <string.h>
| #endif
| #ifdef HAVE_STRINGS_H
| # include <strings.h>
| #endif
| #ifdef HAVE_INTTYPES_H
| # include <inttypes.h>
| #endif
| #ifdef HAVE_STDINT_H
| # include <stdint.h>
| #endif
| #ifdef HAVE_UNISTD_H
| # include <unistd.h>
| #endif
| #include <ncurses/term.h>
configure:4422: result: no
configure:4422: checking ncurses/term.h presence
configure:4422: gcc -E   conftest.c
conftest.c:27:10: fatal error: 'ncurses/term.h' file not found
#include <ncurses/term.h>
         ^
1 error generated.
configure:4422: $? = 1
configure: failed program was:
| /* confdefs.h */
| #define PACKAGE_NAME "jp2a"
| #define PACKAGE_TARNAME "jp2a"
| #define PACKAGE_VERSION "1.0.7"
| #define PACKAGE_STRING "jp2a 1.0.7"
| #define PACKAGE_BUGREPORT "csl@sublevel3.org"
| #define PACKAGE_URL ""
| #define PACKAGE "jp2a"
| #define VERSION "1.0.7"
| #define FEAT_CURL 1
| #define STDC_HEADERS 1
| #define HAVE_SYS_TYPES_H 1
| #define HAVE_SYS_STAT_H 1
| #define HAVE_STDLIB_H 1
| #define HAVE_STRING_H 1
| #define HAVE_MEMORY_H 1
| #define HAVE_STRINGS_H 1
| #define HAVE_INTTYPES_H 1
| #define HAVE_STDINT_H 1
| #define HAVE_UNISTD_H 1
| #define HAVE_JPEGLIB_H 1
| #define HAVE_CURL_CURL_H 1
| #define HAVE_FCNTL_H 1
| #define HAVE_CURSES_H 1
| #define HAVE_TERM_H 1
| /* end confdefs.h.  */
| #include <ncurses/term.h>
configure:4422: result: no
configure:4422: checking for ncurses/term.h
configure:4422: result: no
configure:4442: checking for tgetent in -lncurses
configure:4467: gcc -o conftest -g -O2    conftest.c -lncurses   -ljpeg -lcurl >&5
configure:4467: $? = 0
configure:4477: result: yes
configure:4500: checking for an ANSI C-conforming const
configure:4566: gcc -c -g -O2   conftest.c >&5
configure:4566: $? = 0
configure:4573: result: yes
configure:4581: checking for inline
configure:4597: gcc -c -g -O2   conftest.c >&5
configure:4597: $? = 0
configure:4605: result: inline
configure:4623: checking for C/C++ restrict keyword
configure:4648: gcc -c -g -O2   conftest.c >&5
configure:4648: $? = 0
configure:4656: result: __restrict
configure:4669: checking for size_t
configure:4669: gcc -c -g -O2   conftest.c >&5
configure:4669: $? = 0
configure:4669: gcc -c -g -O2   conftest.c >&5
conftest.c:65:21: error: expected expression
if (sizeof ((size_t)))
                    ^
1 error generated.
configure:4669: $? = 1
configure: failed program was:
| /* confdefs.h */
| #define PACKAGE_NAME "jp2a"
| #define PACKAGE_TARNAME "jp2a"
| #define PACKAGE_VERSION "1.0.7"
| #define PACKAGE_STRING "jp2a 1.0.7"
| #define PACKAGE_BUGREPORT "csl@sublevel3.org"
| #define PACKAGE_URL ""
| #define PACKAGE "jp2a"
| #define VERSION "1.0.7"
| #define FEAT_CURL 1
| #define STDC_HEADERS 1
| #define HAVE_SYS_TYPES_H 1
| #define HAVE_SYS_STAT_H 1
| #define HAVE_STDLIB_H 1
| #define HAVE_STRING_H 1
| #define HAVE_MEMORY_H 1
| #define HAVE_STRINGS_H 1
| #define HAVE_INTTYPES_H 1
| #define HAVE_STDINT_H 1
| #define HAVE_UNISTD_H 1
| #define HAVE_JPEGLIB_H 1
| #define HAVE_CURL_CURL_H 1
| #define HAVE_FCNTL_H 1
| #define HAVE_CURSES_H 1
| #define HAVE_TERM_H 1
| #define FEAT_TERMLIB 1
| #define restrict __restrict
| /* end confdefs.h.  */
| #include <stdio.h>
| #ifdef HAVE_SYS_TYPES_H
| # include <sys/types.h>
| #endif
| #ifdef HAVE_SYS_STAT_H
| # include <sys/stat.h>
| #endif
| #ifdef STDC_HEADERS
| # include <stdlib.h>
| # include <stddef.h>
| #else
| # ifdef HAVE_STDLIB_H
| #  include <stdlib.h>
| # endif
| #endif
| #ifdef HAVE_STRING_H
| # if !defined STDC_HEADERS && defined HAVE_MEMORY_H
| #  include <memory.h>
| # endif
| # include <string.h>
| #endif
| #ifdef HAVE_STRINGS_H
| # include <strings.h>
| #endif
| #ifdef HAVE_INTTYPES_H
| # include <inttypes.h>
| #endif
| #ifdef HAVE_STDINT_H
| # include <stdint.h>
| #endif
| #ifdef HAVE_UNISTD_H
| # include <unistd.h>
| #endif
| int
| main ()
| {
| if (sizeof ((size_t)))
| 	    return 0;
|   ;
|   return 0;
| }
configure:4669: result: yes
configure:4684: checking for memset
configure:4684: gcc -o conftest -g -O2    conftest.c  -ljpeg -lcurl  -lncurses >&5
conftest.c:52:6: warning: incompatible redeclaration of library function 'memset' [-Wincompatible-library-redeclaration]
char memset ();
     ^
conftest.c:52:6: note: 'memset' is a builtin with type 'void *(void *, int, unsigned long)'
1 warning generated.
configure:4684: $? = 0
configure:4684: result: yes
configure:4695: checking for atexit
configure:4695: gcc -o conftest -g -O2    conftest.c  -ljpeg -lcurl  -lncurses >&5
configure:4695: $? = 0
configure:4695: result: yes
configure:4704: checking for pid_t
configure:4704: gcc -c -g -O2   conftest.c >&5
configure:4704: $? = 0
configure:4704: gcc -c -g -O2   conftest.c >&5
conftest.c:67:20: error: expected expression
if (sizeof ((pid_t)))
                   ^
1 error generated.
configure:4704: $? = 1
configure: failed program was:
| /* confdefs.h */
| #define PACKAGE_NAME "jp2a"
| #define PACKAGE_TARNAME "jp2a"
| #define PACKAGE_VERSION "1.0.7"
| #define PACKAGE_STRING "jp2a 1.0.7"
| #define PACKAGE_BUGREPORT "csl@sublevel3.org"
| #define PACKAGE_URL ""
| #define PACKAGE "jp2a"
| #define VERSION "1.0.7"
| #define FEAT_CURL 1
| #define STDC_HEADERS 1
| #define HAVE_SYS_TYPES_H 1
| #define HAVE_SYS_STAT_H 1
| #define HAVE_STDLIB_H 1
| #define HAVE_STRING_H 1
| #define HAVE_MEMORY_H 1
| #define HAVE_STRINGS_H 1
| #define HAVE_INTTYPES_H 1
| #define HAVE_STDINT_H 1
| #define HAVE_UNISTD_H 1
| #define HAVE_JPEGLIB_H 1
| #define HAVE_CURL_CURL_H 1
| #define HAVE_FCNTL_H 1
| #define HAVE_CURSES_H 1
| #define HAVE_TERM_H 1
| #define FEAT_TERMLIB 1
| #define restrict __restrict
| #define HAVE_MEMSET 1
| #define HAVE_ATEXIT 1
| /* end confdefs.h.  */
| #include <stdio.h>
| #ifdef HAVE_SYS_TYPES_H
| # include <sys/types.h>
| #endif
| #ifdef HAVE_SYS_STAT_H
| # include <sys/stat.h>
| #endif
| #ifdef STDC_HEADERS
| # include <stdlib.h>
| # include <stddef.h>
| #else
| # ifdef HAVE_STDLIB_H
| #  include <stdlib.h>
| # endif
| #endif
| #ifdef HAVE_STRING_H
| # if !defined STDC_HEADERS && defined HAVE_MEMORY_H
| #  include <memory.h>
| # endif
| # include <string.h>
| #endif
| #ifdef HAVE_STRINGS_H
| # include <strings.h>
| #endif
| #ifdef HAVE_INTTYPES_H
| # include <inttypes.h>
| #endif
| #ifdef HAVE_STDINT_H
| # include <stdint.h>
| #endif
| #ifdef HAVE_UNISTD_H
| # include <unistd.h>
| #endif
| int
| main ()
| {
| if (sizeof ((pid_t)))
| 	    return 0;
|   ;
|   return 0;
| }
configure:4704: result: yes
configure:4717: checking vfork.h usability
configure:4717: gcc -c -g -O2   conftest.c >&5
conftest.c:64:10: fatal error: 'vfork.h' file not found
#include <vfork.h>
         ^
1 error generated.
configure:4717: $? = 1
configure: failed program was:
| /* confdefs.h */
| #define PACKAGE_NAME "jp2a"
| #define PACKAGE_TARNAME "jp2a"
| #define PACKAGE_VERSION "1.0.7"
| #define PACKAGE_STRING "jp2a 1.0.7"
| #define PACKAGE_BUGREPORT "csl@sublevel3.org"
| #define PACKAGE_URL ""
| #define PACKAGE "jp2a"
| #define VERSION "1.0.7"
| #define FEAT_CURL 1
| #define STDC_HEADERS 1
| #define HAVE_SYS_TYPES_H 1
| #define HAVE_SYS_STAT_H 1
| #define HAVE_STDLIB_H 1
| #define HAVE_STRING_H 1
| #define HAVE_MEMORY_H 1
| #define HAVE_STRINGS_H 1
| #define HAVE_INTTYPES_H 1
| #define HAVE_STDINT_H 1
| #define HAVE_UNISTD_H 1
| #define HAVE_JPEGLIB_H 1
| #define HAVE_CURL_CURL_H 1
| #define HAVE_FCNTL_H 1
| #define HAVE_CURSES_H 1
| #define HAVE_TERM_H 1
| #define FEAT_TERMLIB 1
| #define restrict __restrict
| #define HAVE_MEMSET 1
| #define HAVE_ATEXIT 1
| /* end confdefs.h.  */
| #include <stdio.h>
| #ifdef HAVE_SYS_TYPES_H
| # include <sys/types.h>
| #endif
| #ifdef HAVE_SYS_STAT_H
| # include <sys/stat.h>
| #endif
| #ifdef STDC_HEADERS
| # include <stdlib.h>
| # include <stddef.h>
| #else
| # ifdef HAVE_STDLIB_H
| #  include <stdlib.h>
| # endif
| #endif
| #ifdef HAVE_STRING_H
| # if !defined STDC_HEADERS && defined HAVE_MEMORY_H
| #  include <memory.h>
| # endif
| # include <string.h>
| #endif
| #ifdef HAVE_STRINGS_H
| # include <strings.h>
| #endif
| #ifdef HAVE_INTTYPES_H
| # include <inttypes.h>
| #endif
| #ifdef HAVE_STDINT_H
| # include <stdint.h>
| #endif
| #ifdef HAVE_UNISTD_H
| # include <unistd.h>
| #endif
| #include <vfork.h>
configure:4717: result: no
configure:4717: checking vfork.h presence
configure:4717: gcc -E   conftest.c
conftest.c:31:10: fatal error: 'vfork.h' file not found
#include <vfork.h>
         ^
1 error generated.
configure:4717: $? = 1
configure: failed program was:
| /* confdefs.h */
| #define PACKAGE_NAME "jp2a"
| #define PACKAGE_TARNAME "jp2a"
| #define PACKAGE_VERSION "1.0.7"
| #define PACKAGE_STRING "jp2a 1.0.7"
| #define PACKAGE_BUGREPORT "csl@sublevel3.org"
| #define PACKAGE_URL ""
| #define PACKAGE "jp2a"
| #define VERSION "1.0.7"
| #define FEAT_CURL 1
| #define STDC_HEADERS 1
| #define HAVE_SYS_TYPES_H 1
| #define HAVE_SYS_STAT_H 1
| #define HAVE_STDLIB_H 1
| #define HAVE_STRING_H 1
| #define HAVE_MEMORY_H 1
| #define HAVE_STRINGS_H 1
| #define HAVE_INTTYPES_H 1
| #define HAVE_STDINT_H 1
| #define HAVE_UNISTD_H 1
| #define HAVE_JPEGLIB_H 1
| #define HAVE_CURL_CURL_H 1
| #define HAVE_FCNTL_H 1
| #define HAVE_CURSES_H 1
| #define HAVE_TERM_H 1
| #define FEAT_TERMLIB 1
| #define restrict __restrict
| #define HAVE_MEMSET 1
| #define HAVE_ATEXIT 1
| /* end confdefs.h.  */
| #include <vfork.h>
configure:4717: result: no
configure:4717: checking for vfork.h
configure:4717: result: no
configure:4730: checking for fork
configure:4730: gcc -o conftest -g -O2    conftest.c  -ljpeg -lcurl  -lncurses >&5
configure:4730: $? = 0
configure:4730: result: yes
configure:4730: checking for vfork
configure:4730: gcc -o conftest -g -O2    conftest.c  -ljpeg -lcurl  -lncurses >&5
conftest.c:55:6: warning: incompatible redeclaration of library function 'vfork' [-Wincompatible-library-redeclaration]
char vfork ();
     ^
conftest.c:55:6: note: 'vfork' is a builtin with type 'int (void)'
1 warning generated.
configure:4730: $? = 0
configure:4730: result: yes
configure:4740: checking for working fork
configure:4762: gcc -o conftest -g -O2    conftest.c  -ljpeg -lcurl  -lncurses >&5
configure:4762: $? = 0
configure:4762: ./conftest
configure:4762: $? = 0
configure:4772: result: yes
configure:4793: checking for working vfork
configure:4903: result: yes
configure:4928: checking for pid_t
configure:4928: result: yes
configure:4942: checking for stdlib.h
configure:4942: result: yes
configure:4952: checking for GNU libc compatible malloc
configure:4976: gcc -o conftest -g -O2    conftest.c  -ljpeg -lcurl  -lncurses >&5
configure:4976: $? = 0
configure:4976: ./conftest
configure:4976: $? = 0
configure:4986: result: yes
configure:5116: checking that generated files are newer than configure
configure:5122: result: done
configure:5145: creating ./config.status

## ---------------------- ##
## Running config.status. ##
## ---------------------- ##

This file was extended by jp2a config.status 1.0.7, which was
generated by GNU Autoconf 2.69.  Invocation command line was

  CONFIG_FILES    = 
  CONFIG_HEADERS  = 
  CONFIG_LINKS    = 
  CONFIG_COMMANDS = 
  $ ./config.status 

on Craigs-MacBook-Pro.local

config.status:870: creating Makefile
config.status:870: creating src/Makefile
config.status:870: creating config.h
config.status:1051: config.h is unchanged
config.status:1099: executing depfiles commands

## ---------------- ##
## Cache variables. ##
## ---------------- ##

ac_cv_c_compiler_gnu=yes
ac_cv_c_const=yes
ac_cv_c_inline=inline
ac_cv_c_restrict=__restrict
ac_cv_env_CC_set=
ac_cv_env_CC_value=
ac_cv_env_CFLAGS_set=
ac_cv_env_CFLAGS_value=
ac_cv_env_CPPFLAGS_set=
ac_cv_env_CPPFLAGS_value=
ac_cv_env_CPP_set=
ac_cv_env_CPP_value=
ac_cv_env_LDFLAGS_set=
ac_cv_env_LDFLAGS_value=
ac_cv_env_LIBS_set=
ac_cv_env_LIBS_value=
ac_cv_env_build_alias_set=
ac_cv_env_build_alias_value=
ac_cv_env_host_alias_set=
ac_cv_env_host_alias_value=
ac_cv_env_target_alias_set=
ac_cv_env_target_alias_value=
ac_cv_func_atexit=yes
ac_cv_func_fork=yes
ac_cv_func_fork_works=yes
ac_cv_func_malloc_0_nonnull=yes
ac_cv_func_memset=yes
ac_cv_func_vfork=yes
ac_cv_func_vfork_works=yes
ac_cv_header_curl_curl_h=yes
ac_cv_header_curses_h=yes
ac_cv_header_fcntl_h=yes
ac_cv_header_inttypes_h=yes
ac_cv_header_jpeglib_h=yes
ac_cv_header_memory_h=yes
ac_cv_header_ncurses_term_h=no
ac_cv_header_stdc=yes
ac_cv_header_stdint_h=yes
ac_cv_header_stdlib_h=yes
ac_cv_header_string_h=yes
ac_cv_header_strings_h=yes
ac_cv_header_sys_stat_h=yes
ac_cv_header_sys_types_h=yes
ac_cv_header_term_h=yes
ac_cv_header_unistd_h=yes
ac_cv_header_vfork_h=no
ac_cv_lib_curl_curl_easy_init=yes
ac_cv_lib_jpeg_jpeg_start_decompress=yes
ac_cv_lib_ncurses___tgetent=yes
ac_cv_objext=o
ac_cv_path_EGREP='/usr/bin/grep -E'
ac_cv_path_GREP=/usr/bin/grep
ac_cv_path_curl_config=/usr/bin/curl-config
ac_cv_path_install='/usr/bin/install -c'
ac_cv_path_mkdir=/usr/local/bin/gmkdir
ac_cv_prog_AWK=awk
ac_cv_prog_CPP='gcc -E'
ac_cv_prog_ac_ct_CC=gcc
ac_cv_prog_cc_c89=
ac_cv_prog_cc_g=yes
ac_cv_prog_make_make_set=yes
ac_cv_type_pid_t=yes
ac_cv_type_size_t=yes
am_cv_CC_dependencies_compiler_type=gcc3
am_cv_make_support_nested_variables=yes

## ----------------- ##
## Output variables. ##
## ----------------- ##

ACLOCAL='${SHELL} /Users/Craig/git/jp2a/missing aclocal-1.13'
AMDEPBACKSLASH='\'
AMDEP_FALSE='#'
AMDEP_TRUE=''
AMTAR='$${TAR-tar}'
AM_BACKSLASH='\'
AM_DEFAULT_V='$(AM_DEFAULT_VERBOSITY)'
AM_DEFAULT_VERBOSITY='1'
AM_V='$(V)'
AUTOCONF='${SHELL} /Users/Craig/git/jp2a/missing autoconf'
AUTOHEADER='${SHELL} /Users/Craig/git/jp2a/missing autoheader'
AUTOMAKE='${SHELL} /Users/Craig/git/jp2a/missing automake-1.13'
AWK='awk'
CC='gcc'
CCDEPMODE='depmode=gcc3'
CFLAGS='-g -O2'
CPP='gcc -E'
CPPFLAGS=' '
CYGPATH_W='echo'
DEFS='-DHAVE_CONFIG_H'
DEPDIR='.deps'
ECHO_C='\c'
ECHO_N=''
ECHO_T=''
EGREP='/usr/bin/grep -E'
EXEEXT=''
GREP='/usr/bin/grep'
INSTALL_DATA='${INSTALL} -m 644'
INSTALL_PROGRAM='${INSTALL}'
INSTALL_SCRIPT='${INSTALL}'
INSTALL_STRIP_PROGRAM='$(install_sh) -c -s'
LDFLAGS=''
LIBOBJS=''
LIBS=' -ljpeg -lcurl  -lncurses'
LTLIBOBJS=''
MAKEINFO='${SHELL} /Users/Craig/git/jp2a/missing makeinfo'
MKDIR_P='/usr/local/bin/gmkdir -p'
OBJEXT='o'
PACKAGE='jp2a'
PACKAGE_BUGREPORT='csl@sublevel3.org'
PACKAGE_NAME='jp2a'
PACKAGE_STRING='jp2a 1.0.7'
PACKAGE_TARNAME='jp2a'
PACKAGE_URL=''
PACKAGE_VERSION='1.0.7'
PATH_SEPARATOR=':'
SET_MAKE=''
SHELL='/bin/sh'
STRIP=''
VERSION='1.0.7'
ac_ct_CC='gcc'
am__EXEEXT_FALSE=''
am__EXEEXT_TRUE='#'
am__fastdepCC_FALSE='#'
am__fastdepCC_TRUE=''
am__include='include'
am__isrc=''
am__leading_dot='.'
am__nodep='_no'
am__quote=''
am__tar='$${TAR-tar} chof - "$$tardir"'
am__untar='$${TAR-tar} xf -'
bindir='${exec_prefix}/bin'
build_alias=''
curl_config='/usr/bin/curl-config'
datadir='${datarootdir}'
datarootdir='${prefix}/share'
docdir='${datarootdir}/doc/${PACKAGE_TARNAME}'
dvidir='${docdir}'
exec_prefix='${prefix}'
host_alias=''
htmldir='${docdir}'
includedir='${prefix}/include'
infodir='${datarootdir}/info'
install_sh='${SHELL} /Users/Craig/git/jp2a/install-sh'
libdir='${exec_prefix}/lib'
libexecdir='${exec_prefix}/libexec'
localedir='${datarootdir}/locale'
localstatedir='${prefix}/var'
mandir='${datarootdir}/man'
mkdir_p='$(MKDIR_P)'
oldincludedir='/usr/include'
pdfdir='${docdir}'
prefix='/Users/Craig'
program_transform_name='s,x,x,'
psdir='${docdir}'
sbindir='${exec_prefix}/sbin'
sharedstatedir='${prefix}/com'
sysconfdir='${prefix}/etc'
target_alias=''

## ----------- ##
## confdefs.h. ##
## ----------- ##

/* confdefs.h */
#define PACKAGE_NAME "jp2a"
#define PACKAGE_TARNAME "jp2a"
#define PACKAGE_VERSION "1.0.7"
#define PACKAGE_STRING "jp2a 1.0.7"
#define PACKAGE_BUGREPORT "csl@sublevel3.org"
#define PACKAGE_URL ""
#define PACKAGE "jp2a"
#define VERSION "1.0.7"
#define FEAT_CURL 1
#define STDC_HEADERS 1
#define HAVE_SYS_TYPES_H 1
#define HAVE_SYS_STAT_H 1
#define HAVE_STDLIB_H 1
#define HAVE_STRING_H 1
#define HAVE_MEMORY_H 1
#define HAVE_STRINGS_H 1
#define HAVE_INTTYPES_H 1
#define HAVE_STDINT_H 1
#define HAVE_UNISTD_H 1
#define HAVE_JPEGLIB_H 1
#define HAVE_CURL_CURL_H 1
#define HAVE_FCNTL_H 1
#define HAVE_CURSES_H 1
#define HAVE_TERM_H 1
#define FEAT_TERMLIB 1
#define restrict __restrict
#define HAVE_MEMSET 1
#define HAVE_ATEXIT 1
#define HAVE_FORK 1
#define HAVE_VFORK 1
#define HAVE_WORKING_VFORK 1
#define HAVE_WORKING_FORK 1
#define HAVE_STDLIB_H 1
#define HAVE_MALLOC 1

configure: exit 0
